<?xml version="1.0" encoding="UTF-8"?>
<!-- Generated by org.testng.reporters.JUnitXMLReporter -->
<testsuite ignored="0" hostname="LAPTOP-DA3E2J72" failures="1" tests="2" name="Test" time="26.797" errors="0" timestamp="2025-10-31T00:54:31 IST">
  <testcase classname="autexeTest.SignupTest" name="verifyHomePageVisible" time="5.058"/>
  <testcase classname="autexeTest.SignupTest" name="enterAccountInformation" time="21.665">
    <failure type="java.lang.AssertionError" message=" Account deletion failed! expected [true] but found [false]">
      <![CDATA[java.lang.AssertionError:  Account deletion failed! expected [true] but found [false]
at autexeTest.SignupTest.enterAccountInformation(SignupTest.java:82)
at java.base/java.util.ArrayList.forEach(ArrayList.java:1511)
... Removed 30 stack frames]]>
    </failure>
  </testcase> <!-- enterAccountInformation -->
</testsuite> <!-- Test -->
